<?xml version="1.0" encoding="UTF-8"?>
<coverage generated="1713609680515" clover="3.2.0">
  <project timestamp="1713609680515" name="All files">
    <metrics statements="36" coveredstatements="35" conditionals="14" coveredconditionals="12" methods="15" coveredmethods="15" elements="65" coveredelements="62" complexity="0" loc="36" ncloc="36" packages="1" files="1" classes="1"/>
    <file name="index.js" path="/Users/joshuafoti/repos/Testing-Practice/src/index.js">
      <metrics statements="36" coveredstatements="35" conditionals="14" coveredconditionals="12" methods="15" coveredmethods="15"/>
      <line num="2" count="2" type="stmt"/>
      <line num="3" count="2" type="stmt"/>
      <line num="7" count="3" type="stmt"/>
      <line num="10" count="1" type="stmt"/>
      <line num="12" count="2" type="stmt"/>
      <line num="15" count="2" type="stmt"/>
      <line num="18" count="2" type="cond" truecount="2" falsecount="0"/>
      <line num="19" count="1" type="stmt"/>
      <line num="21" count="1" type="stmt"/>
      <line num="24" count="2" type="stmt"/>
      <line num="30" count="6" type="stmt"/>
      <line num="32" count="6" type="stmt"/>
      <line num="35" count="27" type="stmt"/>
      <line num="38" count="27" type="cond" truecount="4" falsecount="0"/>
      <line num="39" count="23" type="stmt"/>
      <line num="42" count="4" type="cond" truecount="3" falsecount="1"/>
      <line num="43" count="4" type="stmt"/>
      <line num="46" count="27" type="stmt"/>
      <line num="50" count="6" type="stmt"/>
      <line num="55" count="3" type="stmt"/>
      <line num="56" count="3" type="stmt"/>
      <line num="57" count="13" type="stmt"/>
      <line num="59" count="3" type="stmt"/>
      <line num="63" count="3" type="stmt"/>
      <line num="64" count="3" type="stmt"/>
      <line num="65" count="13" type="cond" truecount="1" falsecount="1"/>
      <line num="66" count="0" type="stmt"/>
      <line num="69" count="3" type="stmt"/>
      <line num="73" count="3" type="stmt"/>
      <line num="74" count="3" type="stmt"/>
      <line num="75" count="13" type="cond" truecount="2" falsecount="0"/>
      <line num="76" count="2" type="stmt"/>
      <line num="79" count="3" type="stmt"/>
      <line num="82" count="3" type="stmt"/>
      <line num="90" count="1" type="stmt"/>
      <line num="92" count="1" type="stmt"/>
    </file>
  </project>
</coverage>
