{"/Users/joshuafoti/repos/Testing-Practice/src/index.js": {"path":"/Users/joshuafoti/repos/Testing-Practice/src/index.js","statementMap":{"0":{"start":{"line":2,"column":18},"end":{"line":2,"column":24}},"1":{"start":{"line":3,"column":2},"end":{"line":3,"column":58}},"2":{"start":{"line":7,"column":2},"end":{"line":7,"column":45}}},"fnMap":{"0":{"name":"capitalize","decl":{"start":{"line":1,"column":9},"end":{"line":1,"column":19}},"loc":{"start":{"line":1,"column":28},"end":{"line":4,"column":1}},"line":1},"1":{"name":"reverse","decl":{"start":{"line":6,"column":9},"end":{"line":6,"column":16}},"loc":{"start":{"line":6,"column":25},"end":{"line":8,"column":1}},"line":6}},"branchMap":{},"s":{"0":2,"1":2,"2":3},"f":{"0":2,"1":3},"b":{},"_coverageSchema":"1a1c01bbd47fc00a2c39e90264f33305004495a9","hash":"997d0ac308e292ade52feb1cc9e68b27b73e6ed3"}
}
