{"/Users/joshuafoti/repos/Testing-Practice/src/index.js": {"path":"/Users/joshuafoti/repos/Testing-Practice/src/index.js","statementMap":{"0":{"start":{"line":2,"column":18},"end":{"line":2,"column":24}},"1":{"start":{"line":3,"column":2},"end":{"line":3,"column":58}},"2":{"start":{"line":7,"column":2},"end":{"line":7,"column":45}},"3":{"start":{"line":10,"column":18},"end":{"line":26,"column":1}},"4":{"start":{"line":12,"column":4},"end":{"line":12,"column":17}},"5":{"start":{"line":15,"column":4},"end":{"line":15,"column":17}},"6":{"start":{"line":18,"column":4},"end":{"line":20,"column":5}},"7":{"start":{"line":19,"column":6},"end":{"line":19,"column":46}},"8":{"start":{"line":21,"column":4},"end":{"line":21,"column":17}},"9":{"start":{"line":24,"column":4},"end":{"line":24,"column":17}}},"fnMap":{"0":{"name":"capitalize","decl":{"start":{"line":1,"column":9},"end":{"line":1,"column":19}},"loc":{"start":{"line":1,"column":28},"end":{"line":4,"column":1}},"line":1},"1":{"name":"reverse","decl":{"start":{"line":6,"column":9},"end":{"line":6,"column":16}},"loc":{"start":{"line":6,"column":25},"end":{"line":8,"column":1}},"line":6},"2":{"name":"(anonymous_2)","decl":{"start":{"line":11,"column":7},"end":{"line":11,"column":8}},"loc":{"start":{"line":11,"column":23},"end":{"line":13,"column":3}},"line":11},"3":{"name":"(anonymous_3)","decl":{"start":{"line":14,"column":12},"end":{"line":14,"column":13}},"loc":{"start":{"line":14,"column":28},"end":{"line":16,"column":3}},"line":14},"4":{"name":"(anonymous_4)","decl":{"start":{"line":17,"column":10},"end":{"line":17,"column":11}},"loc":{"start":{"line":17,"column":26},"end":{"line":22,"column":3}},"line":17},"5":{"name":"(anonymous_5)","decl":{"start":{"line":23,"column":12},"end":{"line":23,"column":13}},"loc":{"start":{"line":23,"column":27},"end":{"line":25,"column":3}},"line":23}},"branchMap":{"0":{"loc":{"start":{"line":18,"column":4},"end":{"line":20,"column":5}},"type":"if","locations":[{"start":{"line":18,"column":4},"end":{"line":20,"column":5}},{"start":{},"end":{}}],"line":18}},"s":{"0":2,"1":2,"2":3,"3":1,"4":2,"5":2,"6":2,"7":1,"8":1,"9":2},"f":{"0":2,"1":3,"2":2,"3":2,"4":2,"5":2},"b":{"0":[1,1]},"_coverageSchema":"1a1c01bbd47fc00a2c39e90264f33305004495a9","hash":"d1fce2b85c8408d15fd283725b25c9361b8d861c"}
}
