TN:
SF:src/index.js
FN:1,capitalize
FN:6,reverse
FN:11,(anonymous_2)
FN:14,(anonymous_3)
FN:17,(anonymous_4)
FN:23,(anonymous_5)
FN:28,caesarCipher
FN:34,(anonymous_7)
FN:53,analyzeArray
FN:54,computeSum
FN:56,(anonymous_10)
FN:62,computeMin
FN:64,(anonymous_12)
FN:72,computeMax
FN:74,(anonymous_14)
FNF:15
FNH:15
FNDA:2,capitalize
FNDA:3,reverse
FNDA:2,(anonymous_2)
FNDA:2,(anonymous_3)
FNDA:2,(anonymous_4)
FNDA:2,(anonymous_5)
FNDA:6,caesarCipher
FNDA:27,(anonymous_7)
FNDA:3,analyzeArray
FNDA:3,computeSum
FNDA:13,(anonymous_10)
FNDA:3,computeMin
FNDA:13,(anonymous_12)
FNDA:3,computeMax
FNDA:13,(anonymous_14)
DA:2,2
DA:3,2
DA:7,3
DA:10,1
DA:12,2
DA:15,2
DA:18,2
DA:19,1
DA:21,1
DA:24,2
DA:30,6
DA:32,6
DA:35,27
DA:38,27
DA:39,23
DA:42,4
DA:43,4
DA:46,27
DA:50,6
DA:55,3
DA:56,3
DA:57,13
DA:59,3
DA:63,3
DA:64,3
DA:65,13
DA:66,0
DA:69,3
DA:73,3
DA:74,3
DA:75,13
DA:76,2
DA:79,3
DA:82,3
DA:90,1
DA:92,1
LF:36
LH:35
BRDA:18,0,0,1
BRDA:18,0,1,1
BRDA:38,1,0,23
BRDA:38,1,1,4
BRDA:38,2,0,27
BRDA:38,2,1,23
BRDA:42,3,0,4
BRDA:42,3,1,0
BRDA:42,4,0,4
BRDA:42,4,1,4
BRDA:65,5,0,0
BRDA:65,5,1,13
BRDA:75,6,0,2
BRDA:75,6,1,11
BRF:14
BRH:12
end_of_record
