TN:
SF:src/index.js
FN:1,capitalize
FN:6,reverse
FN:11,(anonymous_2)
FN:14,(anonymous_3)
FN:17,(anonymous_4)
FN:23,(anonymous_5)
FN:28,caesarCipher
FN:34,(anonymous_7)
FNF:8
FNH:8
FNDA:2,capitalize
FNDA:3,reverse
FNDA:2,(anonymous_2)
FNDA:2,(anonymous_3)
FNDA:2,(anonymous_4)
FNDA:2,(anonymous_5)
FNDA:7,caesarCipher
FNDA:32,(anonymous_7)
DA:2,2
DA:3,2
DA:7,3
DA:10,1
DA:12,2
DA:15,2
DA:18,2
DA:19,1
DA:21,1
DA:24,2
DA:30,7
DA:32,7
DA:35,32
DA:38,32
DA:39,28
DA:42,4
DA:43,4
DA:46,32
DA:50,7
DA:53,1
LF:20
LH:20
BRDA:18,0,0,1
BRDA:18,0,1,1
BRDA:38,1,0,28
BRDA:38,1,1,4
BRDA:38,2,0,32
BRDA:38,2,1,28
BRDA:42,3,0,4
BRDA:42,3,1,0
BRDA:42,4,0,4
BRDA:42,4,1,4
BRF:10
BRH:9
end_of_record
